<?xml version="1.0" encoding="UTF-8"?>
<!-- Generated by org.testng.reporters.JUnitReportReporter -->
<testsuite hostname="DESKTOP-B5SU5KF" failures="0" tests="1" name="com.jenkins.Class1Test" time="0.022" errors="0" timestamp="14 Apr 2022 07:55:14 GMT" skipped="0">
  <testcase classname="com.jenkins.Class1Test" name="test1" time="0.022"/>
</testsuite> <!-- com.jenkins.Class1Test -->
